[info]:14-03/17:27:40:    Im listening at port 4000
[info]:14-03/17:27:40:    Redis Connected 
[info]:14-03/17:28:01:    Im listening at port 4000
[info]:14-03/17:28:01:    Redis Connected 
[error]:14-03/17:28:03:   undefined
[info]:14-03/17:28:15:    Im listening at port 4000
[info]:14-03/17:28:15:    Redis Connected 
[error]:14-03/17:28:16:   undefined
[error]:14-03/17:28:20:   undefined
[info]:14-03/17:28:39:    Im listening at port 4000
[info]:14-03/17:28:39:    Redis Connected 
[error]:14-03/17:28:41:   undefined
[info]:14-03/17:30:07:    Im listening at port 4000
[info]:14-03/17:30:07:    Redis Connected 
[info]:14-03/17:30:19:    Im listening at port 4000
[info]:14-03/17:30:19:    Redis Connected 
[info]:14-03/17:30:31:    Im listening at port 4000
[info]:14-03/17:30:31:    Redis Connected 
[info]:14-03/17:30:41:    Im listening at port 4000
[info]:14-03/17:30:41:    Redis Connected 
[info]:14-03/17:31:53:    Im listening at port 4000
[info]:14-03/17:31:53:    Redis Connected 
[info]:14-03/17:32:10:    Im listening at port 4000
[info]:14-03/17:32:10:    Redis Connected 
[info]:14-03/17:33:06:    Im listening at port 4000
[info]:14-03/17:33:06:    Redis Connected 
[info]:14-03/17:33:13:    Im listening at port 4000
[info]:14-03/17:33:13:    Redis Connected 
[info]:14-03/17:34:06:    Im listening at port 4000
[info]:14-03/17:34:06:    Redis Connected 
[info]:14-03/17:34:18:    Im listening at port 4000
[info]:14-03/17:34:18:    Redis Connected 
[info]:14-03/17:34:41:    Im listening at port 4000
[info]:14-03/17:34:41:    Redis Connected 
[info]:14-03/17:34:46:    Im listening at port 4000
[info]:14-03/17:34:46:    Redis Connected 
[info]:14-03/17:34:54:    Im listening at port 4000
[info]:14-03/17:34:54:    Redis Connected 
[info]:14-03/17:34:59:    Im listening at port 4000
[info]:14-03/17:34:59:    Redis Connected 
[info]:14-03/17:35:06:    Im listening at port 4000
[info]:14-03/17:35:06:    Redis Connected 
[info]:14-03/17:35:25:    Im listening at port 4000
[info]:14-03/17:35:25:    Redis Connected 
[info]:14-03/17:35:31:    Im listening at port 4000
[info]:14-03/17:35:31:    Redis Connected 
[info]:14-03/17:35:38:    Im listening at port 4000
[info]:14-03/17:35:38:    Redis Connected 
[info]:14-03/17:36:04:    Im listening at port 4000
[info]:14-03/17:36:04:    Redis Connected 
[info]:14-03/17:41:37:    Im listening at port 4000
[info]:14-03/17:41:37:    Redis Connected 
[info]:14-03/17:42:46:    Im listening at port 4000
[info]:14-03/17:42:46:    Redis Connected 
[info]:14-03/17:43:12:    Im listening at port 4000
[info]:14-03/17:43:12:    Redis Connected 
[info]:14-03/17:43:23:    Im listening at port 4000
[info]:14-03/17:43:23:    Redis Connected 
[info]:14-03/17:43:42:    Im listening at port 4000
[info]:14-03/17:43:42:    Redis Connected 
[info]:14-03/17:43:52:    Im listening at port 4000
[info]:14-03/17:43:52:    Redis Connected 
[info]:14-03/17:43:58:    Im listening at port 4000
[info]:14-03/17:43:58:    Redis Connected 
[info]:14-03/17:44:01:    Im listening at port 4000
[info]:14-03/17:44:01:    Redis Connected 
[info]:14-03/17:44:24:    Im listening at port 4000
[info]:14-03/17:44:24:    Redis Connected 
[info]:14-03/17:44:35:    Im listening at port 4000
[info]:14-03/17:44:35:    Redis Connected 
[info]:14-03/17:44:44:    Im listening at port 4000
[info]:14-03/17:44:44:    Redis Connected 
[info]:14-03/17:44:49:    Im listening at port 4000
[info]:14-03/17:44:49:    Redis Connected 
[info]:14-03/17:44:53:    Im listening at port 4000
[info]:14-03/17:44:53:    Redis Connected 
[info]:14-03/17:45:04:    Im listening at port 4000
[info]:14-03/17:45:04:    Redis Connected 
[info]:14-03/17:45:06:    Im listening at port 4000
[info]:14-03/17:45:06:    Redis Connected 
[error]:14-03/17:45:45:   undefined
[info]:14-03/17:47:04:    Im listening at port 4000
[info]:14-03/17:47:04:    Redis Connected 
[info]:14-03/17:47:22:    Im listening at port 4000
[info]:14-03/17:47:22:    Redis Connected 
[info]:14-03/17:51:04:    Im listening at port 4000
[info]:14-03/17:51:04:    Redis Connected 
[info]:14-03/17:51:06:    Im listening at port 4000
[info]:14-03/17:51:06:    Redis Connected 
[info]:14-03/17:52:13:    Im listening at port 4000
[info]:14-03/17:52:13:    Redis Connected 
[info]:14-03/17:52:27:    Im listening at port 4000
[info]:14-03/17:52:27:    Redis Connected 
[info]:14-03/17:52:33:    Im listening at port 4000
[info]:14-03/17:52:33:    Redis Connected 
[info]:14-03/17:52:39:    Im listening at port 4000
[info]:14-03/17:52:39:    Redis Connected 
[info]:14-03/17:52:49:    Im listening at port 4000
[info]:14-03/17:52:49:    Redis Connected 
[info]:14-03/17:53:12:    Im listening at port 4000
[info]:14-03/17:53:12:    Redis Connected 
[info]:14-03/17:53:22:    Im listening at port 4000
[info]:14-03/17:53:22:    Redis Connected 
[info]:14-03/17:53:25:    Im listening at port 4000
[info]:14-03/17:53:25:    Redis Connected 
[info]:14-03/17:53:30:    Im listening at port 4000
[info]:14-03/17:53:30:    Redis Connected 
[info]:14-03/17:53:34:    Im listening at port 4000
[info]:14-03/17:53:34:    Redis Connected 
[info]:14-03/17:54:15:    Im listening at port 4000
[info]:14-03/17:54:15:    Redis Connected 
[info]:14-03/17:54:38:    Im listening at port 4000
[info]:14-03/17:54:38:    Redis Connected 
[error]:14-03/17:55:37:   undefined
[error]:14-03/17:55:49:   undefined
[info]:14-03/17:55:53:    Im listening at port 4000
[info]:14-03/17:55:53:    Redis Connected 
[error]:14-03/17:55:54:   undefined
[info]:14-03/17:56:05:    Im listening at port 4000
[info]:14-03/17:56:05:    Redis Connected 
[error]:14-03/17:56:06:   undefined
[info]:14-03/17:56:17:    Im listening at port 4000
[info]:14-03/17:56:17:    Redis Connected 
[info]:14-03/17:57:07:    Im listening at port 4000
[info]:14-03/17:57:07:    Redis Connected 
[info]:14-03/17:57:23:    Im listening at port 4000
[info]:14-03/17:57:23:    Redis Connected 
[info]:14-03/17:58:38:    Im listening at port 4000
[info]:14-03/17:58:38:    Redis Connected 
[info]:14-03/17:58:42:    Im listening at port 4000
[info]:14-03/17:58:42:    Redis Connected 
[info]:14-03/17:58:52:    Im listening at port 4000
[info]:14-03/17:58:52:    Redis Connected 
[info]:14-03/18:00:25:    Im listening at port 4000
[info]:14-03/18:00:25:    Redis Connected 
[info]:14-03/18:01:35:    Im listening at port 4000
[info]:14-03/18:01:35:    Redis Connected 
[info]:14-03/18:01:45:    Im listening at port 4000
[info]:14-03/18:01:45:    Redis Connected 
[info]:14-03/18:03:16:    Im listening at port 4000
[info]:14-03/18:03:16:    Redis Connected 
[info]:14-03/18:04:28:    Im listening at port 4000
[info]:14-03/18:04:28:    Redis Connected 
[info]:14-03/18:04:35:    Im listening at port 4000
[info]:14-03/18:04:35:    Redis Connected 
[info]:14-03/18:04:37:    Im listening at port 4000
[info]:14-03/18:04:37:    Redis Connected 
[info]:14-03/18:05:30:    Im listening at port 4000
[info]:14-03/18:05:30:    Redis Connected 
[info]:14-03/18:07:14:    Im listening at port 4000
[info]:14-03/18:07:14:    Redis Connected 
[info]:14-03/18:07:51:    Im listening at port 4000
[info]:14-03/18:07:51:    Redis Connected 
[info]:14-03/18:07:55:    Im listening at port 4000
[info]:14-03/18:07:55:    Redis Connected 
[info]:14-03/18:08:00:    Im listening at port 4000
[info]:14-03/18:08:00:    Redis Connected 
[info]:14-03/18:08:05:    Im listening at port 4000
[info]:14-03/18:08:05:    Redis Connected 
[info]:14-03/18:08:13:    Im listening at port 4000
[info]:14-03/18:08:13:    Redis Connected 
[info]:14-03/18:08:19:    Im listening at port 4000
[info]:14-03/18:08:19:    Redis Connected 
[info]:14-03/18:08:26:    Im listening at port 4000
[info]:14-03/18:08:26:    Redis Connected 
[info]:14-03/18:09:28:    Im listening at port 4000
[info]:14-03/18:09:28:    Redis Connected 
[info]:14-03/18:10:46:    Im listening at port 4000
[info]:14-03/18:10:46:    Redis Connected 
[info]:14-03/18:10:59:    Im listening at port 4000
[info]:14-03/18:10:59:    Redis Connected 
[info]:14-03/18:11:16:    Im listening at port 4000
[info]:14-03/18:11:16:    Redis Connected 
[info]:14-03/18:11:25:    Im listening at port 4000
[info]:14-03/18:11:25:    Redis Connected 
[info]:14-03/18:12:04:    Im listening at port 4000
[info]:14-03/18:12:04:    Redis Connected 
[info]:14-03/18:12:06:    Im listening at port 4000
[info]:14-03/18:12:06:    Redis Connected 
[info]:14-03/18:12:28:    Im listening at port 4000
[info]:14-03/18:12:28:    Redis Connected 
[info]:14-03/18:13:47:    Im listening at port 4000
[info]:14-03/18:13:47:    Redis Connected 
[info]:14-03/18:13:51:    Im listening at port 4000
[info]:14-03/18:13:51:    Redis Connected 
[info]:14-03/18:14:32:    Im listening at port 4000
[info]:14-03/18:14:32:    Redis Connected 
[info]:14-03/18:14:57:    Im listening at port 4000
[info]:14-03/18:14:57:    Redis Connected 
[info]:14-03/18:15:06:    Im listening at port 4000
[info]:14-03/18:15:06:    Redis Connected 
[info]:14-03/18:42:17:    Im listening at port 4000
[info]:14-03/18:42:17:    Redis Connected 
[info]:14-03/18:42:34:    Im listening at port 4000
[info]:14-03/18:42:34:    Redis Connected 
[error]:14-03/18:42:46:   undefined
[info]:14-03/18:43:36:    Im listening at port 4000
[info]:14-03/18:43:36:    Redis Connected 
[info]:14-03/18:43:58:    Im listening at port 4000
[info]:14-03/18:43:59:    Redis Connected 
[info]:14-03/18:45:08:    Im listening at port 4000
[info]:14-03/18:45:08:    Redis Connected 
[info]:14-03/18:45:27:    Im listening at port 4000
[info]:14-03/18:45:27:    Redis Connected 
[info]:14-03/18:46:20:    Im listening at port 4000
[info]:14-03/18:46:20:    Redis Connected 
[info]:14-03/18:46:33:    Im listening at port 4000
[info]:14-03/18:46:33:    Redis Connected 
[info]:14-03/18:46:49:    Im listening at port 4000
[info]:14-03/18:46:50:    Redis Connected 
[info]:15-03/10:39:01:    Im listening at port 4000
[error]:15-03/10:39:01:   Redis connection to localhost:6379 failed - connect ECONNREFUSED 127.0.0.1:6379
[error]:15-03/10:39:01:   Redis connection to localhost:6379 failed - connect ECONNREFUSED 127.0.0.1:6379
[error]:15-03/10:39:01:   Redis connection to localhost:6379 failed - connect ECONNREFUSED 127.0.0.1:6379
[error]:15-03/10:39:02:   Redis connection to localhost:6379 failed - connect ECONNREFUSED 127.0.0.1:6379
[error]:15-03/10:39:03:   Redis connection to localhost:6379 failed - connect ECONNREFUSED 127.0.0.1:6379
[error]:15-03/10:39:05:   Redis connection to localhost:6379 failed - connect ECONNREFUSED 127.0.0.1:6379
[error]:15-03/10:39:07:   Redis connection to localhost:6379 failed - connect ECONNREFUSED 127.0.0.1:6379
[error]:15-03/10:39:12:   Redis connection to localhost:6379 failed - connect ECONNREFUSED 127.0.0.1:6379
[error]:15-03/10:39:21:   Redis connection to localhost:6379 failed - connect ECONNREFUSED 127.0.0.1:6379
[error]:15-03/10:39:34:   Redis connection to localhost:6379 failed - connect ECONNREFUSED 127.0.0.1:6379
[error]:15-03/10:39:58:   Redis connection to localhost:6379 failed - connect ECONNREFUSED 127.0.0.1:6379
[error]:15-03/10:40:39:   Redis connection to localhost:6379 failed - connect ECONNREFUSED 127.0.0.1:6379
[error]:15-03/10:41:47:   Redis connection to localhost:6379 failed - connect ECONNREFUSED 127.0.0.1:6379
[error]:15-03/10:43:44:   Redis connection to localhost:6379 failed - connect ECONNREFUSED 127.0.0.1:6379
[error]:15-03/10:47:02:   Redis connection to localhost:6379 failed - connect ECONNREFUSED 127.0.0.1:6379
[error]:15-03/10:52:39:   Redis connection to localhost:6379 failed - connect ECONNREFUSED 127.0.0.1:6379
[error]:15-03/11:02:12:   Redis connection to localhost:6379 failed - connect ECONNREFUSED 127.0.0.1:6379
[info]:15-03/11:14:04:    Im listening at port 4000
[error]:15-03/11:14:04:   Redis connection to localhost:6379 failed - connect ECONNREFUSED 127.0.0.1:6379
[error]:15-03/11:14:04:   Redis connection to localhost:6379 failed - connect ECONNREFUSED 127.0.0.1:6379
[error]:15-03/11:14:05:   Redis connection to localhost:6379 failed - connect ECONNREFUSED 127.0.0.1:6379
[error]:15-03/11:14:05:   Redis connection to localhost:6379 failed - connect ECONNREFUSED 127.0.0.1:6379
[error]:15-03/11:14:06:   Redis connection to localhost:6379 failed - connect ECONNREFUSED 127.0.0.1:6379
[error]:15-03/11:14:08:   Redis connection to localhost:6379 failed - connect ECONNREFUSED 127.0.0.1:6379
[error]:15-03/11:14:11:   Redis connection to localhost:6379 failed - connect ECONNREFUSED 127.0.0.1:6379
[error]:15-03/11:14:15:   Redis connection to localhost:6379 failed - connect ECONNREFUSED 127.0.0.1:6379
[error]:15-03/11:14:24:   Redis connection to localhost:6379 failed - connect ECONNREFUSED 127.0.0.1:6379
[info]:15-03/11:14:38:    Redis Connected 
[info]:15-03/12:37:51:    Im listening at port 4000
[info]:15-03/12:37:51:    Redis Connected 
[info]:15-03/12:38:12:    Im listening at port 4000
[info]:15-03/12:38:12:    Redis Connected 
[info]:15-03/12:38:53:    Im listening at port 4000
[info]:15-03/12:38:53:    Redis Connected 
[info]:15-03/12:38:59:    Im listening at port 4000
[info]:15-03/12:38:59:    Redis Connected 
[info]:15-03/12:39:13:    Im listening at port 4000
[info]:15-03/12:39:13:    Redis Connected 
[info]:15-03/12:39:38:    Im listening at port 4000
[info]:15-03/12:39:38:    Redis Connected 
[info]:15-03/12:39:47:    Im listening at port 4000
[info]:15-03/12:39:47:    Redis Connected 
[info]:15-03/12:41:09:    Im listening at port 4000
[info]:15-03/12:41:09:    Redis Connected 
[info]:15-03/12:41:33:    Im listening at port 4000
[info]:15-03/12:41:33:    Redis Connected 
[info]:15-03/12:44:38:    Im listening at port 4000
[info]:15-03/12:44:38:    Redis Connected 
[info]:15-03/12:45:27:    Im listening at port 4000
[info]:15-03/12:45:27:    Redis Connected 
[info]:15-03/12:45:31:    Im listening at port 4000
[info]:15-03/12:45:31:    Redis Connected 
[info]:15-03/12:46:48:    Im listening at port 4000
[info]:15-03/12:46:48:    Redis Connected 
[info]:15-03/12:47:47:    Im listening at port 4000
[info]:15-03/12:47:47:    Redis Connected 
[info]:15-03/12:47:59:    Im listening at port 4000
[info]:15-03/12:47:59:    Redis Connected 
[info]:15-03/12:48:06:    Im listening at port 4000
[info]:15-03/12:48:06:    Redis Connected 
[info]:15-03/12:48:45:    Im listening at port 4000
[info]:15-03/12:48:45:    Redis Connected 
[info]:15-03/12:49:07:    Im listening at port 4000
[info]:15-03/12:49:07:    Redis Connected 
[info]:15-03/12:49:35:    Im listening at port 4000
[info]:15-03/12:49:35:    Redis Connected 
[info]:15-03/12:50:02:    Im listening at port 4000
[info]:15-03/12:50:02:    Redis Connected 
[info]:15-03/12:50:14:    Im listening at port 4000
[info]:15-03/12:50:14:    Redis Connected 
[info]:15-03/12:50:22:    Im listening at port 4000
[info]:15-03/12:50:22:    Redis Connected 
[info]:15-03/12:50:24:    Im listening at port 4000
[info]:15-03/12:50:24:    Redis Connected 
[info]:15-03/12:58:00:    Im listening at port 4000
[info]:15-03/12:58:00:    Redis Connected 
[info]:15-03/12:58:06:    Im listening at port 4000
[info]:15-03/12:58:06:    Redis Connected 
[info]:15-03/12:58:21:    Im listening at port 4000
[info]:15-03/12:58:21:    Redis Connected 
[info]:15-03/12:58:39:    Im listening at port 4000
[info]:15-03/12:58:39:    Redis Connected 
[info]:15-03/13:00:05:    Im listening at port 4000
[info]:15-03/13:00:05:    Redis Connected 
[info]:15-03/13:00:14:    Im listening at port 4000
[info]:15-03/13:00:14:    Redis Connected 
[info]:15-03/13:04:08:    Im listening at port 4000
[info]:15-03/13:04:08:    Redis Connected 
[info]:15-03/13:04:17:    Im listening at port 4000
[info]:15-03/13:04:17:    Redis Connected 
[info]:15-03/13:07:07:    Im listening at port 4000
[info]:15-03/13:07:07:    Redis Connected 
[info]:15-03/13:08:47:    Im listening at port 4000
[info]:15-03/13:08:47:    Redis Connected 
[info]:15-03/13:09:11:    Im listening at port 4000
[info]:15-03/13:09:11:    Redis Connected 
[info]:15-03/13:10:57:    Im listening at port 4000
[info]:15-03/13:10:57:    Redis Connected 
[info]:15-03/13:12:50:    Im listening at port 4000
[info]:15-03/13:12:50:    Redis Connected 
[info]:15-03/13:13:32:    Im listening at port 4000
[info]:15-03/13:13:32:    Redis Connected 
[info]:15-03/13:14:56:    Im listening at port 4000
[info]:15-03/13:14:56:    Redis Connected 
[info]:15-03/13:16:08:    Im listening at port 4000
[info]:15-03/13:16:08:    Redis Connected 
[info]:15-03/13:16:47:    Im listening at port 4000
[info]:15-03/13:16:47:    Redis Connected 
[info]:15-03/13:16:49:    Im listening at port 4000
[info]:15-03/13:16:49:    Redis Connected 
[info]:15-03/13:16:52:    Im listening at port 4000
[info]:15-03/13:16:52:    Redis Connected 
[info]:15-03/13:17:16:    Im listening at port 4000
[info]:15-03/13:17:16:    Redis Connected 
[info]:15-03/13:17:43:    Im listening at port 4000
[info]:15-03/13:17:43:    Redis Connected 
[info]:15-03/13:17:44:    Im listening at port 4000
[info]:15-03/13:17:44:    Redis Connected 
[info]:15-03/13:18:05:    Im listening at port 4000
[info]:15-03/13:18:05:    Redis Connected 
[info]:15-03/13:18:25:    Im listening at port 4000
[info]:15-03/13:18:25:    Redis Connected 
[info]:15-03/13:19:07:    Im listening at port 4000
[info]:15-03/13:19:07:    Redis Connected 
[info]:15-03/13:19:51:    Im listening at port 4000
[info]:15-03/13:19:51:    Redis Connected 
[info]:15-03/13:20:03:    Im listening at port 4000
[info]:15-03/13:20:03:    Redis Connected 
[info]:15-03/13:20:28:    Im listening at port 4000
[info]:15-03/13:20:28:    Redis Connected 
[info]:15-03/13:21:01:    Im listening at port 4000
[info]:15-03/13:21:01:    Redis Connected 
[info]:15-03/13:21:28:    Im listening at port 4000
[info]:15-03/13:21:28:    Redis Connected 
[info]:15-03/13:21:43:    Im listening at port 4000
[info]:15-03/13:21:43:    Redis Connected 
[info]:15-03/13:22:21:    Im listening at port 4000
[info]:15-03/13:22:21:    Redis Connected 
[info]:15-03/13:22:56:    Im listening at port 4000
[info]:15-03/13:22:56:    Redis Connected 
[info]:15-03/13:23:08:    Im listening at port 4000
[info]:15-03/13:23:08:    Redis Connected 
[info]:15-03/13:23:18:    Im listening at port 4000
[info]:15-03/13:23:18:    Redis Connected 
[info]:15-03/13:23:30:    Im listening at port 4000
[info]:15-03/13:23:30:    Redis Connected 
[info]:15-03/13:23:44:    Im listening at port 4000
[info]:15-03/13:23:44:    Redis Connected 
[info]:15-03/13:24:31:    Im listening at port 4000
[info]:15-03/13:24:31:    Redis Connected 
[info]:15-03/13:24:37:    Im listening at port 4000
[info]:15-03/13:24:37:    Redis Connected 
[info]:15-03/13:24:45:    Im listening at port 4000
[info]:15-03/13:24:45:    Redis Connected 
[info]:15-03/13:24:49:    Im listening at port 4000
[info]:15-03/13:24:49:    Redis Connected 
[info]:15-03/13:24:54:    Im listening at port 4000
[info]:15-03/13:24:54:    Redis Connected 
[info]:15-03/13:24:59:    Im listening at port 4000
[info]:15-03/13:24:59:    Redis Connected 
[info]:15-03/13:25:08:    Im listening at port 4000
[info]:15-03/13:25:08:    Redis Connected 
[info]:15-03/13:25:12:    Im listening at port 4000
[info]:15-03/13:25:12:    Redis Connected 
[info]:15-03/13:25:24:    Im listening at port 4000
[info]:15-03/13:25:24:    Redis Connected 
[info]:15-03/13:25:25:    Im listening at port 4000
[info]:15-03/13:25:25:    Redis Connected 
[info]:15-03/14:21:39:    Im listening at port 4000
[info]:15-03/14:21:39:    Redis Connected 
[info]:15-03/14:22:14:    Im listening at port 4000
[info]:15-03/14:22:14:    Redis Connected 
[info]:15-03/14:24:01:    Im listening at port 4000
[info]:15-03/14:24:01:    Redis Connected 
[info]:15-03/14:24:27:    Im listening at port 4000
[info]:15-03/14:24:27:    Redis Connected 
[info]:15-03/14:24:29:    Im listening at port 4000
[info]:15-03/14:24:29:    Redis Connected 
[info]:15-03/14:24:59:    Im listening at port 4000
[info]:15-03/14:24:59:    Redis Connected 
[info]:15-03/14:25:45:    Im listening at port 4000
[info]:15-03/14:25:45:    Redis Connected 
[info]:15-03/14:25:48:    Im listening at port 4000
[info]:15-03/14:25:48:    Redis Connected 
[info]:15-03/16:49:15:    Im listening at port 4000
[error]:15-03/16:49:15:   Redis connection to localhost:6379 failed - connect ECONNREFUSED 127.0.0.1:6379
[error]:15-03/16:49:15:   Redis connection to localhost:6379 failed - connect ECONNREFUSED 127.0.0.1:6379
[error]:15-03/16:49:16:   Redis connection to localhost:6379 failed - connect ECONNREFUSED 127.0.0.1:6379
[error]:15-03/16:49:16:   Redis connection to localhost:6379 failed - connect ECONNREFUSED 127.0.0.1:6379
[error]:15-03/16:49:17:   Redis connection to localhost:6379 failed - connect ECONNREFUSED 127.0.0.1:6379
[error]:15-03/16:49:19:   Redis connection to localhost:6379 failed - connect ECONNREFUSED 127.0.0.1:6379
[error]:15-03/16:49:22:   Redis connection to localhost:6379 failed - connect ECONNREFUSED 127.0.0.1:6379
[error]:15-03/16:49:27:   Redis connection to localhost:6379 failed - connect ECONNREFUSED 127.0.0.1:6379
[error]:15-03/16:49:35:   Redis connection to localhost:6379 failed - connect ECONNREFUSED 127.0.0.1:6379
[error]:15-03/16:49:49:   Redis connection to localhost:6379 failed - connect ECONNREFUSED 127.0.0.1:6379
[error]:15-03/16:50:13:   Redis connection to localhost:6379 failed - connect ECONNREFUSED 127.0.0.1:6379
[error]:15-03/16:50:53:   Redis connection to localhost:6379 failed - connect ECONNREFUSED 127.0.0.1:6379
[error]:15-03/16:51:22:   undefined
[error]:15-03/16:52:01:   Redis connection to localhost:6379 failed - connect ECONNREFUSED 127.0.0.1:6379
[info]:15-03/16:53:58:    Redis Connected 
[info]:15-03/16:57:41:    Im listening at port 4000
[info]:15-03/16:57:41:    Redis Connected 
[info]:15-03/16:58:37:    Im listening at port 4000
[info]:15-03/16:58:37:    Redis Connected 
[info]:15-03/16:59:14:    Im listening at port 4000
[info]:15-03/16:59:14:    Redis Connected 
[info]:15-03/16:59:18:    Im listening at port 4000
[info]:15-03/16:59:18:    Redis Connected 
[info]:15-03/17:00:15:    Im listening at port 4000
[info]:15-03/17:00:15:    Redis Connected 
[info]:15-03/17:00:20:    Im listening at port 4000
[info]:15-03/17:00:20:    Redis Connected 
[error]:15-03/17:00:20:   undefined
[info]:15-03/17:01:03:    Im listening at port 4000
[info]:15-03/17:01:03:    Redis Connected 
[info]:15-03/17:01:39:    Im listening at port 4000
[info]:15-03/17:01:39:    Redis Connected 
[error]:15-03/17:01:57:   undefined
[info]:15-03/17:02:11:    Im listening at port 4000
[info]:15-03/17:02:11:    Redis Connected 
[error]:15-03/17:02:12:   undefined
[info]:15-03/17:02:38:    Im listening at port 4000
[info]:15-03/17:02:38:    Redis Connected 
[info]:15-03/17:02:47:    Im listening at port 4000
[info]:15-03/17:02:47:    Redis Connected 
[info]:15-03/17:05:20:    Im listening at port 4000
[info]:15-03/17:05:20:    Redis Connected 
[info]:15-03/17:08:16:    Im listening at port 4000
[info]:15-03/17:08:16:    Redis Connected 
[error]:15-03/17:08:17:   undefined
[info]:15-03/17:09:16:    Im listening at port 4000
[info]:15-03/17:09:16:    Redis Connected 
[info]:15-03/17:18:50:    Im listening at port 4000
[info]:15-03/17:18:50:    Redis Connected 
[info]:15-03/17:18:54:    Im listening at port 4000
[info]:15-03/17:18:54:    Redis Connected 
[info]:15-03/17:20:18:    Im listening at port 4000
[info]:15-03/17:20:18:    Redis Connected 
[info]:15-03/17:21:08:    Im listening at port 4000
[info]:15-03/17:21:08:    Redis Connected 
[info]:15-03/17:21:13:    Im listening at port 4000
[info]:15-03/17:21:13:    Redis Connected 
[info]:15-03/17:21:58:    Im listening at port 4000
[info]:15-03/17:21:58:    Redis Connected 
[info]:15-03/17:22:46:    Im listening at port 4000
[info]:15-03/17:22:46:    Redis Connected 
[error]:15-03/17:22:58:   undefined
[info]:15-03/17:23:35:    Im listening at port 4000
[info]:15-03/17:23:35:    Redis Connected 
[info]:15-03/17:24:01:    Im listening at port 4000
[info]:15-03/17:24:01:    Redis Connected 
[info]:15-03/17:24:33:    Im listening at port 4000
[info]:15-03/17:24:33:    Redis Connected 
[info]:15-03/17:24:39:    Im listening at port 4000
[info]:15-03/17:24:39:    Redis Connected 
[info]:15-03/17:24:48:    Im listening at port 4000
[info]:15-03/17:24:48:    Redis Connected 
[info]:15-03/17:25:06:    Im listening at port 4000
[info]:15-03/17:25:06:    Redis Connected 
[info]:15-03/17:25:21:    Im listening at port 4000
[info]:15-03/17:25:21:    Redis Connected 
[info]:15-03/17:25:28:    Im listening at port 4000
[info]:15-03/17:25:28:    Redis Connected 
[info]:15-03/17:25:40:    Im listening at port 4000
[info]:15-03/17:25:40:    Redis Connected 
[info]:15-03/17:28:36:    Im listening at port 4000
[info]:15-03/17:28:36:    Redis Connected 
[info]:15-03/17:29:01:    Im listening at port 4000
[info]:15-03/17:29:01:    Redis Connected 
[info]:15-03/17:29:20:    Im listening at port 4000
[info]:15-03/17:29:20:    Redis Connected 
[info]:15-03/17:29:27:    Im listening at port 4000
[info]:15-03/17:29:27:    Redis Connected 
[info]:15-03/17:36:40:    Im listening at port 4000
[info]:15-03/17:36:40:    Redis Connected 
[info]:15-03/17:36:46:    Im listening at port 4000
[info]:15-03/17:36:46:    Redis Connected 
[info]:15-03/18:05:55:    Im listening at port 4000
[info]:15-03/18:05:55:    Redis Connected 
[info]:15-03/18:07:39:    Im listening at port 4000
[info]:15-03/18:07:39:    Redis Connected 
[info]:15-03/18:07:49:    Im listening at port 4000
[info]:15-03/18:07:49:    Redis Connected 
[info]:15-03/18:07:54:    Im listening at port 4000
[info]:15-03/18:07:54:    Redis Connected 
[info]:15-03/18:10:26:    Im listening at port 4000
[info]:15-03/18:10:26:    Redis Connected 
[info]:15-03/18:41:23:    Im listening at port 4000
[info]:15-03/18:41:23:    Redis Connected 
[info]:15-03/18:43:57:    Im listening at port 4000
[info]:15-03/18:43:57:    Redis Connected 
[info]:15-03/18:44:03:    Im listening at port 4000
[info]:15-03/18:44:03:    Redis Connected 
[info]:15-03/18:44:33:    Im listening at port 4000
[info]:15-03/18:44:33:    Redis Connected 
[info]:15-03/18:44:44:    Im listening at port 4000
[info]:15-03/18:44:44:    Redis Connected 
[info]:15-03/18:45:16:    Im listening at port 4000
[info]:15-03/18:45:16:    Redis Connected 
[info]:15-03/18:45:42:    Im listening at port 4000
[info]:15-03/18:45:42:    Redis Connected 
[info]:15-03/18:46:56:    Im listening at port 4000
[info]:15-03/18:46:56:    Redis Connected 
[info]:15-03/18:46:57:    Im listening at port 4000
[info]:15-03/18:46:57:    Redis Connected 
[info]:15-03/18:47:41:    Im listening at port 4000
[info]:15-03/18:47:41:    Redis Connected 
[info]:16-03/12:44:31:    Im listening at port 4000
[error]:16-03/12:44:32:   Redis connection to localhost:6379 failed - connect ECONNREFUSED 127.0.0.1:6379
[error]:16-03/12:44:32:   Redis connection to localhost:6379 failed - connect ECONNREFUSED 127.0.0.1:6379
[error]:16-03/12:44:32:   Redis connection to localhost:6379 failed - connect ECONNREFUSED 127.0.0.1:6379
[error]:16-03/12:44:33:   Redis connection to localhost:6379 failed - connect ECONNREFUSED 127.0.0.1:6379
[error]:16-03/12:44:34:   Redis connection to localhost:6379 failed - connect ECONNREFUSED 127.0.0.1:6379
[error]:16-03/12:44:35:   Redis connection to localhost:6379 failed - connect ECONNREFUSED 127.0.0.1:6379
[error]:16-03/12:44:38:   Redis connection to localhost:6379 failed - connect ECONNREFUSED 127.0.0.1:6379
[error]:16-03/12:44:43:   Redis connection to localhost:6379 failed - connect ECONNREFUSED 127.0.0.1:6379
[error]:16-03/12:44:51:   Redis connection to localhost:6379 failed - connect ECONNREFUSED 127.0.0.1:6379
[error]:16-03/12:45:05:   Redis connection to localhost:6379 failed - connect ECONNREFUSED 127.0.0.1:6379
[info]:16-03/12:45:29:    Redis Connected 
[info]:16-03/12:46:03:    Im listening at port 4000
[info]:16-03/12:46:03:    Redis Connected 
[info]:16-03/12:47:57:    Im listening at port 4000
[info]:16-03/12:47:57:    Redis Connected 
[info]:16-03/12:48:15:    Im listening at port 4000
[info]:16-03/12:48:15:    Redis Connected 
[info]:16-03/12:49:40:    Im listening at port 4000
[info]:16-03/12:49:40:    Redis Connected 
[info]:16-03/12:50:03:    Im listening at port 4000
[info]:16-03/12:50:03:    Redis Connected 
[info]:16-03/12:50:19:    Im listening at port 4000
[info]:16-03/12:50:19:    Redis Connected 
[info]:16-03/12:50:32:    Im listening at port 4000
[info]:16-03/12:50:32:    Redis Connected 
[info]:16-03/12:50:36:    Im listening at port 4000
[info]:16-03/12:50:36:    Redis Connected 
[info]:16-03/12:50:56:    Im listening at port 4000
[info]:16-03/12:50:56:    Redis Connected 
[info]:16-03/12:51:31:    Im listening at port 4000
[info]:16-03/12:51:31:    Redis Connected 
[info]:16-03/12:52:35:    Im listening at port 4000
[info]:16-03/12:52:35:    Redis Connected 
[info]:16-03/12:53:14:    Im listening at port 4000
[info]:16-03/12:53:14:    Redis Connected 
[info]:16-03/12:53:27:    Im listening at port 4000
[info]:16-03/12:53:27:    Redis Connected 
[info]:16-03/12:54:28:    Im listening at port 4000
[info]:16-03/12:54:28:    Redis Connected 
[info]:16-03/12:58:18:    Im listening at port 4000
[info]:16-03/12:58:18:    Redis Connected 
[info]:16-03/12:58:34:    Im listening at port 4000
[info]:16-03/12:58:34:    Redis Connected 
[info]:16-03/12:59:01:    Im listening at port 4000
[info]:16-03/12:59:01:    Redis Connected 
[info]:16-03/12:59:07:    Im listening at port 4000
[info]:16-03/12:59:07:    Redis Connected 
[info]:16-03/13:01:34:    Im listening at port 4000
[info]:16-03/13:01:34:    Redis Connected 
[error]:16-03/13:22:45:   undefined
[info]:16-03/13:23:18:    Im listening at port 4000
[info]:16-03/13:23:18:    Redis Connected 
[error]:16-03/13:23:19:   undefined
[info]:16-03/13:23:35:    Im listening at port 4000
[info]:16-03/13:23:35:    Redis Connected 
[info]:16-03/13:33:37:    Im listening at port 4000
[info]:16-03/13:33:37:    Redis Connected 
[info]:16-03/13:39:21:    Im listening at port 4000
[info]:16-03/13:39:21:    Redis Connected 
[info]:16-03/13:39:39:    Im listening at port 4000
[info]:16-03/13:39:39:    Redis Connected 
[info]:16-03/13:39:48:    Im listening at port 4000
[info]:16-03/13:39:48:    Redis Connected 
[info]:16-03/13:40:01:    Im listening at port 4000
[info]:16-03/13:40:01:    Redis Connected 
[info]:16-03/13:40:26:    Im listening at port 4000
[info]:16-03/13:40:26:    Redis Connected 
[info]:16-03/13:40:48:    Im listening at port 4000
[info]:16-03/13:40:48:    Redis Connected 
[info]:16-03/13:41:11:    Im listening at port 4000
[info]:16-03/13:41:11:    Redis Connected 
[info]:16-03/13:41:20:    Im listening at port 4000
[info]:16-03/13:41:20:    Redis Connected 
[info]:16-03/13:41:49:    Im listening at port 4000
[info]:16-03/13:41:49:    Redis Connected 
[info]:16-03/13:41:58:    Im listening at port 4000
[info]:16-03/13:41:58:    Redis Connected 
[info]:16-03/13:42:30:    Im listening at port 4000
[info]:16-03/13:42:30:    Redis Connected 
[info]:16-03/13:42:38:    Im listening at port 4000
[info]:16-03/13:42:38:    Redis Connected 
[info]:16-03/13:42:44:    Im listening at port 4000
[info]:16-03/13:42:44:    Redis Connected 
[info]:16-03/13:42:45:    Im listening at port 4000
[info]:16-03/13:42:45:    Redis Connected 
[info]:16-03/13:43:23:    Im listening at port 4000
[info]:16-03/13:43:23:    Redis Connected 
[info]:16-03/13:46:02:    Im listening at port 4000
[info]:16-03/13:46:02:    Redis Connected 
[info]:16-03/13:46:09:    Im listening at port 4000
[info]:16-03/13:46:09:    Redis Connected 
[info]:16-03/13:46:49:    Im listening at port 4000
[info]:16-03/13:46:49:    Redis Connected 
[info]:16-03/13:47:14:    Im listening at port 4000
[info]:16-03/13:47:14:    Redis Connected 
[info]:16-03/13:47:24:    Im listening at port 4000
[info]:16-03/13:47:24:    Redis Connected 
[info]:16-03/13:47:41:    Im listening at port 4000
[info]:16-03/13:47:41:    Redis Connected 
[error]:16-03/13:47:42:   undefined
[info]:16-03/13:47:46:    Im listening at port 4000
[info]:16-03/13:47:46:    Redis Connected 
[error]:16-03/13:47:48:   undefined
[info]:16-03/13:48:08:    Im listening at port 4000
[info]:16-03/13:48:08:    Redis Connected 
[error]:16-03/13:48:09:   undefined
[info]:16-03/13:48:16:    Im listening at port 4000
[info]:16-03/13:48:16:    Redis Connected 
[error]:16-03/13:48:17:   undefined
[info]:16-03/13:49:07:    Im listening at port 4000
[info]:16-03/13:49:07:    Redis Connected 
[info]:16-03/13:49:13:    Im listening at port 4000
[info]:16-03/13:49:13:    Redis Connected 
[error]:16-03/13:49:17:   undefined
[info]:16-03/13:49:29:    Im listening at port 4000
[info]:16-03/13:49:29:    Redis Connected 
[info]:16-03/13:49:33:    Im listening at port 4000
[info]:16-03/13:49:33:    Redis Connected 
[error]:16-03/13:49:34:   undefined
[info]:16-03/13:49:49:    Im listening at port 4000
[info]:16-03/13:49:49:    Redis Connected 
[error]:16-03/13:49:50:   undefined
[info]:16-03/13:53:54:    Im listening at port 4000
[info]:16-03/13:53:54:    Redis Connected 
[error]:16-03/13:53:55:   undefined
[info]:16-03/13:54:22:    Im listening at port 4000
[info]:16-03/13:54:22:    Redis Connected 
[info]:16-03/13:54:43:    Im listening at port 4000
[info]:16-03/13:54:43:    Redis Connected 
[info]:16-03/13:54:47:    Im listening at port 4000
[info]:16-03/13:54:47:    Redis Connected 
[info]:16-03/13:55:26:    Im listening at port 4000
[info]:16-03/13:55:26:    Redis Connected 
[info]:16-03/13:55:35:    Im listening at port 4000
[info]:16-03/13:55:35:    Redis Connected 
[info]:16-03/13:56:12:    Im listening at port 4000
[info]:16-03/13:56:12:    Redis Connected 
[info]:16-03/13:57:23:    Im listening at port 4000
[info]:16-03/13:57:23:    Redis Connected 
[info]:16-03/13:58:04:    Im listening at port 4000
[info]:16-03/13:58:04:    Redis Connected 
[info]:16-03/13:58:48:    Im listening at port 4000
[info]:16-03/13:58:48:    Redis Connected 
[error]:16-03/13:58:50:   undefined
[info]:16-03/13:59:03:    Im listening at port 4000
[info]:16-03/13:59:03:    Redis Connected 
[info]:16-03/13:59:18:    Im listening at port 4000
[info]:16-03/13:59:18:    Redis Connected 
[info]:16-03/14:12:08:    Im listening at port 4000
[info]:16-03/14:12:08:    Redis Connected 
[info]:16-03/14:13:48:    Im listening at port 4000
[info]:16-03/14:13:48:    Redis Connected 
[info]:16-03/14:14:04:    Im listening at port 4000
[info]:16-03/14:14:04:    Redis Connected 
[error]:16-03/14:14:05:   ID is not defined
[info]:16-03/14:14:43:    Im listening at port 4000
[info]:16-03/14:14:43:    Redis Connected 
[error]:16-03/14:14:44:   ID is not defined
[info]:16-03/14:14:52:    Im listening at port 4000
[info]:16-03/14:14:52:    Redis Connected 
[info]:16-03/14:18:24:    Im listening at port 4000
[info]:16-03/14:18:24:    Redis Connected 
[info]:16-03/14:18:25:    Im listening at port 4000
[info]:16-03/14:18:25:    Redis Connected 
[info]:16-03/14:18:55:    Im listening at port 4000
[info]:16-03/14:18:55:    Redis Connected 
[info]:16-03/14:22:59:    Im listening at port 4000
[info]:16-03/14:22:59:    Redis Connected 
[info]:16-03/14:23:42:    Im listening at port 4000
[info]:16-03/14:23:42:    Redis Connected 
[info]:16-03/14:25:49:    Im listening at port 4000
[info]:16-03/14:25:49:    Redis Connected 
[info]:16-03/14:26:06:    Im listening at port 4000
[info]:16-03/14:26:06:    Redis Connected 
[info]:16-03/14:27:56:    Im listening at port 4000
[info]:16-03/14:27:56:    Redis Connected 
[info]:16-03/14:28:03:    Im listening at port 4000
[info]:16-03/14:28:03:    Redis Connected 
[info]:16-03/14:28:18:    Im listening at port 4000
[info]:16-03/14:28:18:    Redis Connected 
[info]:16-03/14:29:03:    Im listening at port 4000
[info]:16-03/14:29:03:    Redis Connected 
[info]:16-03/14:29:30:    Im listening at port 4000
[info]:16-03/14:29:30:    Redis Connected 
[info]:16-03/14:29:40:    Im listening at port 4000
[info]:16-03/14:29:40:    Redis Connected 
[info]:16-03/14:33:48:    Im listening at port 4000
[info]:16-03/14:33:48:    Redis Connected 
[info]:16-03/14:33:54:    Im listening at port 4000
[info]:16-03/14:33:54:    Redis Connected 
[info]:16-03/14:34:16:    Im listening at port 4000
[info]:16-03/14:34:16:    Redis Connected 
[info]:16-03/14:34:20:    Im listening at port 4000
[info]:16-03/14:34:20:    Redis Connected 
[error]:16-03/14:34:21:   undefined
[info]:16-03/14:34:39:    Im listening at port 4000
[info]:16-03/14:34:39:    Redis Connected 
[error]:16-03/14:34:42:   Cannot read properties of undefined (reading 'insertId')
[info]:16-03/14:36:35:    Im listening at port 4000
[info]:16-03/14:36:35:    Redis Connected 
[info]:16-03/14:36:53:    Im listening at port 4000
[info]:16-03/14:36:53:    Redis Connected 
[error]:16-03/14:36:55:   Cannot read properties of undefined (reading 'insertId')
[info]:16-03/14:37:33:    Im listening at port 4000
[info]:16-03/14:37:33:    Redis Connected 
[error]:16-03/14:37:34:   undefined
[error]:16-03/14:37:57:   undefined
[error]:16-03/14:38:06:   undefined
[error]:16-03/14:38:17:   undefined
[info]:16-03/14:38:48:    Im listening at port 4000
[info]:16-03/14:38:48:    Redis Connected 
[error]:16-03/14:38:48:   undefined
[error]:16-03/14:40:22:   undefined
[info]:16-03/14:40:34:    Im listening at port 4000
[info]:16-03/14:40:34:    Redis Connected 
[error]:16-03/14:40:35:   undefined
[error]:16-03/14:40:41:   undefined
[info]:16-03/14:41:15:    Im listening at port 4000
[info]:16-03/14:41:15:    Redis Connected 
[info]:16-03/14:41:32:    Im listening at port 4000
[info]:16-03/14:41:32:    Redis Connected 
[info]:16-03/14:41:40:    Im listening at port 4000
[info]:16-03/14:41:40:    Redis Connected 
[info]:16-03/14:41:57:    Im listening at port 4000
[info]:16-03/14:41:57:    Redis Connected 
[info]:16-03/14:42:09:    Im listening at port 4000
[info]:16-03/14:42:09:    Redis Connected 
[info]:16-03/14:42:15:    Im listening at port 4000
[info]:16-03/14:42:15:    Redis Connected 
[info]:16-03/14:42:17:    Im listening at port 4000
[info]:16-03/14:42:17:    Redis Connected 
[error]:16-03/14:42:18:   undefined
[error]:16-03/15:35:10:   undefined
[info]:16-03/15:38:05:    Im listening at port 4000
[info]:16-03/15:38:05:    Redis Connected 
[info]:16-03/17:52:42:    Im listening at port 4000
[info]:16-03/17:52:43:    Redis Connected 
[error]:16-03/17:52:47:   undefined
[info]:16-03/17:57:36:    Im listening at port 4000
[info]:16-03/17:57:36:    Redis Connected 
[info]:16-03/17:57:43:    Im listening at port 4000
[info]:16-03/17:57:43:    Redis Connected 
[info]:16-03/17:58:33:    Im listening at port 4000
[info]:16-03/17:58:33:    Redis Connected 
[info]:16-03/17:58:43:    Im listening at port 4000
[info]:16-03/17:58:43:    Redis Connected 
[info]:16-03/17:59:28:    Im listening at port 4000
[info]:16-03/17:59:28:    Redis Connected 
[info]:16-03/17:59:50:    Im listening at port 4000
[info]:16-03/17:59:50:    Redis Connected 
[info]:16-03/18:00:31:    Im listening at port 4000
[info]:16-03/18:00:31:    Redis Connected 
[info]:16-03/18:00:41:    Im listening at port 4000
[info]:16-03/18:00:41:    Redis Connected 
[info]:16-03/18:00:52:    Im listening at port 4000
[info]:16-03/18:00:52:    Redis Connected 
[error]:16-03/18:02:16:   undefined
[info]:16-03/18:02:56:    Im listening at port 4000
[info]:16-03/18:02:56:    Redis Connected 
[info]:16-03/18:03:02:    Im listening at port 4000
[info]:16-03/18:03:02:    Redis Connected 
[info]:16-03/18:03:17:    Im listening at port 4000
[info]:16-03/18:03:17:    Redis Connected 
[info]:16-03/18:04:33:    Im listening at port 4000
[info]:16-03/18:04:33:    Redis Connected 
[info]:16-03/18:05:13:    Im listening at port 4000
[info]:16-03/18:05:13:    Redis Connected 
[info]:16-03/18:05:34:    Im listening at port 4000
[info]:16-03/18:05:34:    Redis Connected 
[info]:16-03/18:06:39:    Im listening at port 4000
[info]:16-03/18:06:39:    Redis Connected 
[info]:16-03/18:07:54:    Im listening at port 4000
[info]:16-03/18:07:54:    Redis Connected 
[info]:16-03/18:46:24:    Im listening at port 4000
[info]:16-03/18:46:24:    Redis Connected 
[info]:16-03/18:50:25:    Im listening at port 4000
[info]:16-03/18:50:25:    Redis Connected 
[info]:16-03/18:51:32:    Im listening at port 4000
[info]:16-03/18:51:32:    Redis Connected 
[info]:16-03/18:51:50:    Im listening at port 4000
[info]:16-03/18:51:50:    Redis Connected 
[info]:16-03/18:51:58:    Im listening at port 4000
[info]:16-03/18:51:58:    Redis Connected 
[info]:16-03/20:53:44:    Im listening at port 4000
[info]:16-03/20:53:44:    Redis Connected 
[info]:16-03/20:54:35:    Im listening at port 4000
[info]:16-03/20:54:35:    Redis Connected 
[info]:16-03/20:54:51:    Im listening at port 4000
[info]:16-03/20:54:51:    Redis Connected 
[info]:16-03/20:55:04:    Im listening at port 4000
[info]:16-03/20:55:04:    Redis Connected 
[info]:16-03/20:55:39:    Im listening at port 4000
[info]:16-03/20:55:39:    Redis Connected 
[info]:16-03/20:56:42:    Im listening at port 4000
[info]:16-03/20:56:42:    Redis Connected 
[info]:16-03/20:57:45:    Im listening at port 4000
[info]:16-03/20:57:45:    Redis Connected 
[info]:17-03/10:44:49:    Im listening at port 4000
[error]:17-03/10:44:49:   Redis connection to localhost:6379 failed - connect ECONNREFUSED 127.0.0.1:6379
[error]:17-03/10:44:49:   Redis connection to localhost:6379 failed - connect ECONNREFUSED 127.0.0.1:6379
[error]:17-03/10:44:49:   Redis connection to localhost:6379 failed - connect ECONNREFUSED 127.0.0.1:6379
[error]:17-03/10:44:50:   Redis connection to localhost:6379 failed - connect ECONNREFUSED 127.0.0.1:6379
[error]:17-03/10:44:51:   Redis connection to localhost:6379 failed - connect ECONNREFUSED 127.0.0.1:6379
[error]:17-03/10:44:53:   Redis connection to localhost:6379 failed - connect ECONNREFUSED 127.0.0.1:6379
[error]:17-03/10:44:55:   Redis connection to localhost:6379 failed - connect ECONNREFUSED 127.0.0.1:6379
[error]:17-03/10:45:00:   Redis connection to localhost:6379 failed - connect ECONNREFUSED 127.0.0.1:6379
[error]:17-03/10:45:09:   Redis connection to localhost:6379 failed - connect ECONNREFUSED 127.0.0.1:6379
[error]:17-03/10:45:22:   Redis connection to localhost:6379 failed - connect ECONNREFUSED 127.0.0.1:6379
[info]:17-03/10:45:46:    Redis Connected 
[info]:17-03/10:49:55:    Im listening at port 4000
[info]:17-03/10:49:55:    Redis Connected 
[info]:17-03/10:55:05:    Im listening at port 4000
[info]:17-03/10:55:05:    Redis Connected 
[info]:17-03/10:56:37:    Im listening at port 4000
[info]:17-03/10:56:37:    Redis Connected 
[info]:17-03/10:56:52:    Im listening at port 4000
[info]:17-03/10:56:52:    Redis Connected 
[info]:17-03/10:57:28:    Im listening at port 4000
[info]:17-03/10:57:28:    Redis Connected 
[info]:17-03/10:58:01:    Im listening at port 4000
[info]:17-03/10:58:01:    Redis Connected 
[info]:17-03/10:58:46:    Im listening at port 4000
[info]:17-03/10:58:46:    Redis Connected 
[info]:17-03/10:59:52:    Im listening at port 4000
[info]:17-03/10:59:52:    Redis Connected 
[info]:17-03/10:59:54:    Im listening at port 4000
[info]:17-03/10:59:54:    Redis Connected 
[info]:17-03/11:00:17:    Im listening at port 4000
[info]:17-03/11:00:17:    Redis Connected 
[info]:17-03/11:00:24:    Im listening at port 4000
[info]:17-03/11:00:24:    Redis Connected 
[info]:17-03/11:00:40:    Im listening at port 4000
[info]:17-03/11:00:40:    Redis Connected 
[info]:17-03/11:02:01:    Im listening at port 4000
[info]:17-03/11:02:01:    Redis Connected 
[info]:17-03/11:02:04:    Im listening at port 4000
[info]:17-03/11:02:04:    Redis Connected 
[info]:17-03/11:02:52:    Im listening at port 4000
[info]:17-03/11:02:52:    Redis Connected 
[info]:17-03/11:03:45:    Im listening at port 4000
[info]:17-03/11:03:45:    Redis Connected 
[info]:17-03/11:04:03:    Im listening at port 4000
[info]:17-03/11:04:03:    Redis Connected 
[info]:17-03/11:04:15:    Im listening at port 4000
[info]:17-03/11:04:15:    Redis Connected 
[info]:17-03/11:04:57:    Im listening at port 4000
[info]:17-03/11:04:57:    Redis Connected 
[info]:17-03/11:05:05:    Im listening at port 4000
[info]:17-03/11:05:05:    Redis Connected 
[info]:17-03/11:16:03:    Im listening at port 4000
[info]:17-03/11:16:03:    Redis Connected 
[info]:17-03/11:16:26:    Im listening at port 4000
[info]:17-03/11:16:26:    Redis Connected 
[info]:17-03/11:17:00:    Im listening at port 4000
[info]:17-03/11:17:00:    Redis Connected 
[info]:17-03/11:17:45:    Im listening at port 4000
[info]:17-03/11:17:45:    Redis Connected 
[info]:17-03/11:17:53:    Im listening at port 4000
[info]:17-03/11:17:53:    Redis Connected 
[info]:17-03/11:18:08:    Im listening at port 4000
[info]:17-03/11:18:08:    Redis Connected 
[info]:17-03/11:49:39:    Im listening at port 4000
[info]:17-03/11:49:39:    Redis Connected 
[info]:17-03/11:49:50:    Im listening at port 4000
[info]:17-03/11:49:50:    Redis Connected 
[info]:17-03/11:50:46:    Im listening at port 4000
[info]:17-03/11:50:46:    Redis Connected 
[info]:17-03/11:51:19:    Im listening at port 4000
[info]:17-03/11:51:19:    Redis Connected 
[info]:17-03/11:51:36:    Im listening at port 4000
[info]:17-03/11:51:36:    Redis Connected 
[info]:17-03/11:52:31:    Im listening at port 4000
[info]:17-03/11:52:31:    Redis Connected 
[info]:17-03/11:52:36:    Im listening at port 4000
[info]:17-03/11:52:36:    Redis Connected 
[info]:17-03/11:52:43:    Im listening at port 4000
[info]:17-03/11:52:43:    Redis Connected 
[info]:17-03/11:52:53:    Im listening at port 4000
[info]:17-03/11:52:53:    Redis Connected 
[info]:17-03/11:52:57:    Im listening at port 4000
[info]:17-03/11:52:57:    Redis Connected 
[info]:17-03/11:53:15:    Im listening at port 4000
[info]:17-03/11:53:15:    Redis Connected 
[info]:17-03/11:53:41:    Im listening at port 4000
[info]:17-03/11:53:41:    Redis Connected 
[error]:17-03/11:55:22:   undefined
[info]:17-03/11:55:48:    Im listening at port 4000
[info]:17-03/11:55:48:    Redis Connected 
[error]:17-03/11:55:54:   undefined
[info]:17-03/12:00:01:    Im listening at port 4000
[info]:17-03/12:00:01:    Redis Connected 
[info]:17-03/12:00:15:    Im listening at port 4000
[info]:17-03/12:00:15:    Redis Connected 
[info]:17-03/12:00:24:    Im listening at port 4000
[info]:17-03/12:00:24:    Redis Connected 
[info]:17-03/12:00:34:    Im listening at port 4000
[info]:17-03/12:00:34:    Redis Connected 
[info]:17-03/12:01:42:    Im listening at port 4000
[info]:17-03/12:01:42:    Redis Connected 
[error]:17-03/12:01:43:   undefined
[error]:17-03/12:02:01:   undefined
[error]:17-03/12:02:09:   undefined
[info]:17-03/12:03:17:    Im listening at port 4000
[info]:17-03/12:03:17:    Redis Connected 
[info]:17-03/12:03:32:    Im listening at port 4000
[info]:17-03/12:03:32:    Redis Connected 
[info]:17-03/12:03:34:    Im listening at port 4000
[info]:17-03/12:03:34:    Redis Connected 
[info]:17-03/12:03:43:    Im listening at port 4000
[info]:17-03/12:03:43:    Redis Connected 
[error]:17-03/12:05:31:   undefined
[info]:17-03/16:02:18:    Im listening at port 4000
[error]:17-03/16:02:18:   Redis connection to localhost:6379 failed - connect ECONNREFUSED 127.0.0.1:6379
[error]:17-03/16:02:18:   Redis connection to localhost:6379 failed - connect ECONNREFUSED 127.0.0.1:6379
[error]:17-03/16:02:19:   Redis connection to localhost:6379 failed - connect ECONNREFUSED 127.0.0.1:6379
[error]:17-03/16:02:19:   Redis connection to localhost:6379 failed - connect ECONNREFUSED 127.0.0.1:6379
[error]:17-03/16:02:20:   Redis connection to localhost:6379 failed - connect ECONNREFUSED 127.0.0.1:6379
[error]:17-03/16:02:22:   Redis connection to localhost:6379 failed - connect ECONNREFUSED 127.0.0.1:6379
[error]:17-03/16:02:25:   Redis connection to localhost:6379 failed - connect ECONNREFUSED 127.0.0.1:6379
[error]:17-03/16:02:30:   Redis connection to localhost:6379 failed - connect ECONNREFUSED 127.0.0.1:6379
[error]:17-03/16:02:38:   Redis connection to localhost:6379 failed - connect ECONNREFUSED 127.0.0.1:6379
[info]:17-03/16:02:52:    Im listening at port 4000
[error]:17-03/16:02:52:   Redis connection to localhost:6379 failed - connect ECONNREFUSED 127.0.0.1:6379
[error]:17-03/16:02:52:   Redis connection to localhost:6379 failed - connect ECONNREFUSED 127.0.0.1:6379
[error]:17-03/16:02:53:   Redis connection to localhost:6379 failed - connect ECONNREFUSED 127.0.0.1:6379
[error]:17-03/16:02:53:   Redis connection to localhost:6379 failed - connect ECONNREFUSED 127.0.0.1:6379
[error]:17-03/16:02:54:   Redis connection to localhost:6379 failed - connect ECONNREFUSED 127.0.0.1:6379
[error]:17-03/16:02:56:   Redis connection to localhost:6379 failed - connect ECONNREFUSED 127.0.0.1:6379
[error]:17-03/16:02:59:   Redis connection to localhost:6379 failed - connect ECONNREFUSED 127.0.0.1:6379
[error]:17-03/16:03:04:   Redis connection to localhost:6379 failed - connect ECONNREFUSED 127.0.0.1:6379
[error]:17-03/16:03:12:   Redis connection to localhost:6379 failed - connect ECONNREFUSED 127.0.0.1:6379
[error]:17-03/16:03:18:   undefined
[error]:17-03/16:03:26:   Redis connection to localhost:6379 failed - connect ECONNREFUSED 127.0.0.1:6379
[info]:17-03/16:03:36:    Im listening at port 4000
[info]:17-03/16:03:36:    Redis Connected 
[info]:17-03/16:03:41:    Im listening at port 4000
[info]:17-03/16:03:41:    Redis Connected 
[info]:17-03/16:05:18:    Im listening at port 4000
[info]:17-03/16:05:18:    Redis Connected 
[error]:17-03/16:05:20:   undefined
[info]:17-03/16:05:41:    Im listening at port 4000
[info]:17-03/16:05:41:    Redis Connected 
[error]:17-03/16:05:42:   undefined
[info]:17-03/16:06:09:    Im listening at port 4000
[info]:17-03/16:06:09:    Redis Connected 
[error]:17-03/16:06:10:   undefined
[info]:17-03/16:06:39:    Im listening at port 4000
[info]:17-03/16:06:39:    Redis Connected 
[info]:17-03/16:06:48:    Im listening at port 4000
[info]:17-03/16:06:48:    Redis Connected 
[error]:17-03/16:06:48:   undefined
[info]:17-03/16:07:35:    Im listening at port 4000
[info]:17-03/16:07:35:    Redis Connected 
[info]:17-03/16:08:02:    Im listening at port 4000
[info]:17-03/16:08:02:    Redis Connected 
[info]:17-03/16:08:24:    Im listening at port 4000
[info]:17-03/16:08:24:    Redis Connected 
[info]:17-03/16:08:35:    Im listening at port 4000
[info]:17-03/16:08:35:    Redis Connected 
[info]:17-03/16:09:04:    Im listening at port 4000
[info]:17-03/16:09:04:    Redis Connected 
[info]:17-03/16:09:25:    Im listening at port 4000
[info]:17-03/16:09:25:    Redis Connected 
[info]:17-03/16:09:49:    Im listening at port 4000
[info]:17-03/16:09:49:    Redis Connected 
[error]:17-03/16:11:18:   undefined
[info]:18-03/10:34:41:    Im listening at port 4000
[error]:18-03/10:34:41:   Redis connection to localhost:6379 failed - connect ECONNREFUSED 127.0.0.1:6379
[error]:18-03/10:34:41:   Redis connection to localhost:6379 failed - connect ECONNREFUSED 127.0.0.1:6379
[error]:18-03/10:34:41:   Redis connection to localhost:6379 failed - connect ECONNREFUSED 127.0.0.1:6379
[error]:18-03/10:34:42:   Redis connection to localhost:6379 failed - connect ECONNREFUSED 127.0.0.1:6379
[error]:18-03/10:34:43:   Redis connection to localhost:6379 failed - connect ECONNREFUSED 127.0.0.1:6379
[error]:18-03/10:34:45:   Redis connection to localhost:6379 failed - connect ECONNREFUSED 127.0.0.1:6379
[error]:18-03/10:34:48:   Redis connection to localhost:6379 failed - connect ECONNREFUSED 127.0.0.1:6379
[error]:18-03/10:34:52:   Redis connection to localhost:6379 failed - connect ECONNREFUSED 127.0.0.1:6379
[error]:18-03/10:35:01:   Redis connection to localhost:6379 failed - connect ECONNREFUSED 127.0.0.1:6379
[error]:18-03/10:35:15:   Redis connection to localhost:6379 failed - connect ECONNREFUSED 127.0.0.1:6379
[error]:18-03/10:35:38:   Redis connection to localhost:6379 failed - connect ECONNREFUSED 127.0.0.1:6379
[error]:18-03/10:36:19:   Redis connection to localhost:6379 failed - connect ECONNREFUSED 127.0.0.1:6379
[error]:18-03/10:37:27:   Redis connection to localhost:6379 failed - connect ECONNREFUSED 127.0.0.1:6379
[info]:18-03/10:39:24:    Redis Connected 
[info]:18-03/10:41:28:    Im listening at port 4000
[info]:18-03/10:41:28:    Redis Connected 
[error]:18-03/10:42:18:   undefined
[info]:18-03/10:42:58:    Im listening at port 4000
[info]:18-03/10:42:58:    Redis Connected 
[info]:18-03/10:43:23:    Im listening at port 4000
[info]:18-03/10:43:23:    Redis Connected 
[info]:18-03/10:45:26:    Im listening at port 4000
[info]:18-03/10:45:26:    Redis Connected 
[info]:18-03/10:45:53:    Im listening at port 4000
[info]:18-03/10:45:53:    Redis Connected 
[info]:18-03/10:47:34:    Im listening at port 4000
[info]:18-03/10:47:34:    Redis Connected 
[info]:18-03/10:50:22:    Im listening at port 4000
[info]:18-03/10:50:22:    Redis Connected 
[info]:18-03/10:51:19:    Im listening at port 4000
[info]:18-03/10:51:19:    Redis Connected 
[info]:18-03/10:53:48:    Im listening at port 4000
[info]:18-03/10:53:48:    Redis Connected 
[info]:18-03/10:54:16:    Im listening at port 4000
[info]:18-03/10:54:16:    Redis Connected 
[info]:18-03/11:03:22:    Im listening at port 4000
[info]:18-03/11:03:22:    Redis Connected 
[info]:18-03/11:03:47:    Im listening at port 4000
[info]:18-03/11:03:47:    Redis Connected 
[info]:18-03/11:04:01:    Im listening at port 4000
[info]:18-03/11:04:01:    Redis Connected 
[info]:18-03/11:04:10:    Im listening at port 4000
[info]:18-03/11:04:10:    Redis Connected 
[info]:18-03/11:47:13:    Im listening at port 4000
[info]:18-03/11:47:13:    Redis Connected 
[info]:18-03/11:47:58:    Im listening at port 4000
[info]:18-03/11:47:58:    Redis Connected 
[error]:18-03/11:47:59:   You have an error in your SQL syntax; check the manual that corresponds to your MySQL server version for the right syntax to use near 'FETCH FIRST 1 ROWS ONLY' at line 1
[info]:18-03/11:48:12:    Im listening at port 4000
[info]:18-03/11:48:12:    Redis Connected 
[error]:18-03/11:48:13:   undefined
[info]:18-03/11:49:23:    Im listening at port 4000
[info]:18-03/11:49:23:    Redis Connected 
[error]:18-03/11:49:24:   undefined
[info]:18-03/11:50:10:    Im listening at port 4000
[info]:18-03/11:50:10:    Redis Connected 
[error]:18-03/11:50:11:   undefined
[info]:18-03/11:50:16:    Im listening at port 4000
[info]:18-03/11:50:16:    Redis Connected 
[error]:18-03/11:50:17:   undefined
[info]:18-03/11:51:21:    Im listening at port 4000
[info]:18-03/11:51:21:    Redis Connected 
[info]:18-03/11:52:01:    Im listening at port 4000
[info]:18-03/11:52:01:    Redis Connected 
[info]:18-03/12:58:55:    Im listening at port 4000
[info]:18-03/12:58:55:    Redis Connected 
[info]:18-03/17:38:13:    Im listening at port 4000
[error]:18-03/17:38:13:   Redis connection to localhost:6379 failed - connect ECONNREFUSED 127.0.0.1:6379
[error]:18-03/17:38:14:   Redis connection to localhost:6379 failed - connect ECONNREFUSED 127.0.0.1:6379
[error]:18-03/17:38:14:   Redis connection to localhost:6379 failed - connect ECONNREFUSED 127.0.0.1:6379
[error]:18-03/17:38:15:   Redis connection to localhost:6379 failed - connect ECONNREFUSED 127.0.0.1:6379
[error]:18-03/17:38:16:   Redis connection to localhost:6379 failed - connect ECONNREFUSED 127.0.0.1:6379
[error]:18-03/17:38:17:   Redis connection to localhost:6379 failed - connect ECONNREFUSED 127.0.0.1:6379
[error]:18-03/17:38:20:   Redis connection to localhost:6379 failed - connect ECONNREFUSED 127.0.0.1:6379
[error]:18-03/17:38:25:   Redis connection to localhost:6379 failed - connect ECONNREFUSED 127.0.0.1:6379
[error]:18-03/17:38:33:   Redis connection to localhost:6379 failed - connect ECONNREFUSED 127.0.0.1:6379
[error]:18-03/17:38:47:   Redis connection to localhost:6379 failed - connect ECONNREFUSED 127.0.0.1:6379
[error]:18-03/17:39:11:   Redis connection to localhost:6379 failed - connect ECONNREFUSED 127.0.0.1:6379
[error]:18-03/17:39:51:   Redis connection to localhost:6379 failed - connect ECONNREFUSED 127.0.0.1:6379
[error]:18-03/17:41:00:   Redis connection to localhost:6379 failed - connect ECONNREFUSED 127.0.0.1:6379
[error]:18-03/17:42:56:   Redis connection to localhost:6379 failed - connect ECONNREFUSED 127.0.0.1:6379
[error]:18-03/17:46:15:   Redis connection to localhost:6379 failed - connect ECONNREFUSED 127.0.0.1:6379
[error]:18-03/17:51:52:   Redis connection to localhost:6379 failed - connect ECONNREFUSED 127.0.0.1:6379
[error]:18-03/18:01:24:   Redis connection to localhost:6379 failed - connect ECONNREFUSED 127.0.0.1:6379
[info]:18-03/18:16:19:    Im listening at port 4000
[info]:18-03/18:16:19:    Redis Connected 
[error]:18-03/21:14:03:   Redis connection to localhost:6379 failed - connect ECONNREFUSED 127.0.0.1:6379
[error]:18-03/21:14:04:   Redis connection to localhost:6379 failed - connect ECONNREFUSED 127.0.0.1:6379
[error]:18-03/21:14:04:   Redis connection to localhost:6379 failed - connect ECONNREFUSED 127.0.0.1:6379
[error]:18-03/21:14:05:   Redis connection to localhost:6379 failed - connect ECONNREFUSED 127.0.0.1:6379
[error]:18-03/21:14:07:   Redis connection to localhost:6379 failed - connect ECONNREFUSED 127.0.0.1:6379
[error]:18-03/21:14:10:   Redis connection to localhost:6379 failed - connect ECONNREFUSED 127.0.0.1:6379
[error]:18-03/21:14:15:   Redis connection to localhost:6379 failed - connect ECONNREFUSED 127.0.0.1:6379
[error]:18-03/21:14:23:   Redis connection to localhost:6379 failed - connect ECONNREFUSED 127.0.0.1:6379
[error]:18-03/21:14:37:   Redis connection to localhost:6379 failed - connect ECONNREFUSED 127.0.0.1:6379
[error]:18-03/21:15:01:   Redis connection to localhost:6379 failed - connect ECONNREFUSED 127.0.0.1:6379
[error]:18-03/21:15:41:   Redis connection to localhost:6379 failed - connect ECONNREFUSED 127.0.0.1:6379
[error]:18-03/21:16:50:   Redis connection to localhost:6379 failed - connect ECONNREFUSED 127.0.0.1:6379
[error]:18-03/21:18:46:   Redis connection to localhost:6379 failed - connect ECONNREFUSED 127.0.0.1:6379
[error]:18-03/21:22:04:   Redis connection to localhost:6379 failed - connect ECONNREFUSED 127.0.0.1:6379
[error]:18-03/21:27:41:   Redis connection to localhost:6379 failed - connect ECONNREFUSED 127.0.0.1:6379
[error]:18-03/21:37:14:   Redis connection to localhost:6379 failed - connect ECONNREFUSED 127.0.0.1:6379
[error]:18-03/21:53:28:   Redis connection to localhost:6379 failed - connect ECONNREFUSED 127.0.0.1:6379
[error]:18-03/22:14:03:   Redis connection to localhost:6379 failed - connect ECONNREFUSED 127.0.0.1:6379
[error]:18-03/22:14:03:   Redis connection in broken state: connection timeout exceeded.
[info]:19-03/10:41:17:    Im listening at port 4000
[error]:19-03/10:41:17:   Redis connection to localhost:6379 failed - connect ECONNREFUSED 127.0.0.1:6379
[error]:19-03/10:41:17:   Redis connection to localhost:6379 failed - connect ECONNREFUSED 127.0.0.1:6379
[error]:19-03/10:41:17:   Redis connection to localhost:6379 failed - connect ECONNREFUSED 127.0.0.1:6379
[error]:19-03/10:41:18:   Redis connection to localhost:6379 failed - connect ECONNREFUSED 127.0.0.1:6379
[error]:19-03/10:41:19:   Redis connection to localhost:6379 failed - connect ECONNREFUSED 127.0.0.1:6379
[error]:19-03/10:41:20:   Redis connection to localhost:6379 failed - connect ECONNREFUSED 127.0.0.1:6379
[error]:19-03/10:41:23:   Redis connection to localhost:6379 failed - connect ECONNREFUSED 127.0.0.1:6379
[error]:19-03/10:41:28:   Redis connection to localhost:6379 failed - connect ECONNREFUSED 127.0.0.1:6379
[error]:19-03/10:41:36:   Redis connection to localhost:6379 failed - connect ECONNREFUSED 127.0.0.1:6379
[error]:19-03/10:41:50:   Redis connection to localhost:6379 failed - connect ECONNREFUSED 127.0.0.1:6379
[error]:19-03/10:42:14:   Redis connection to localhost:6379 failed - connect ECONNREFUSED 127.0.0.1:6379
[error]:19-03/10:42:54:   Redis connection to localhost:6379 failed - connect ECONNREFUSED 127.0.0.1:6379
[info]:19-03/10:44:03:    Redis Connected 
